<?xml version="1.0" encoding="UTF-8"?>
<!-- Generated by org.testng.reporters.JUnitReportReporter -->
<testsuite hostname="LAPTOP-7RS9FQA9" failures="0" tests="1" name="com.inetBanking.testcases.TC_LoginTest_001" time="5.291" errors="0" timestamp="26 Dec 2021 04:02:14 GMT" skipped="0">
  <testcase classname="com.inetBanking.testcases.TC_LoginTest_001" name="loginTest" time="5.291"/>
</testsuite> <!-- com.inetBanking.testcases.TC_LoginTest_001 -->
